Determining if the pthread_create exist failed with the following output:
Change Dir: /home/kcli/tutorial_2020/tasks/week3/ros_project/build/CMakeFiles/CMakeTmp

Run Build Command:"/usr/bin/make" "cmTC_f0b67/fast"
/usr/bin/make -f CMakeFiles/cmTC_f0b67.dir/build.make CMakeFiles/cmTC_f0b67.dir/build
make[1]: Entering directory '/home/kcli/tutorial_2020/tasks/week3/ros_project/build/CMakeFiles/CMakeTmp'
Building C object CMakeFiles/cmTC_f0b67.dir/CheckSymbolExists.c.o
/usr/bin/cc    -o CMakeFiles/cmTC_f0b67.dir/CheckSymbolExists.c.o   -c /home/kcli/tutorial_2020/tasks/week3/ros_project/build/CMakeFiles/CMakeTmp/CheckSymbolExists.c
Linking C executable cmTC_f0b67
/usr/bin/cmake -E cmake_link_script CMakeFiles/cmTC_f0b67.dir/link.txt --verbose=1
/usr/bin/cc      -rdynamic CMakeFiles/cmTC_f0b67.dir/CheckSymbolExists.c.o  -o cmTC_f0b67 
CMakeFiles/cmTC_f0b67.dir/CheckSymbolExists.c.o: In function `main':
CheckSymbolExists.c:(.text+0x1b): undefined reference to `pthread_create'
collect2: error: ld returned 1 exit status
CMakeFiles/cmTC_f0b67.dir/build.make:97: recipe for target 'cmTC_f0b67' failed
make[1]: *** [cmTC_f0b67] Error 1
make[1]: Leaving directory '/home/kcli/tutorial_2020/tasks/week3/ros_project/build/CMakeFiles/CMakeTmp'
Makefile:126: recipe for target 'cmTC_f0b67/fast' failed
make: *** [cmTC_f0b67/fast] Error 2

File /home/kcli/tutorial_2020/tasks/week3/ros_project/build/CMakeFiles/CMakeTmp/CheckSymbolExists.c:
/* */
#include <pthread.h>

int main(int argc, char** argv)
{
  (void)argv;
#ifndef pthread_create
  return ((int*)(&pthread_create))[argc];
#else
  (void)argc;
  return 0;
#endif
}

Determining if the function pthread_create exists in the pthreads failed with the following output:
Change Dir: /home/kcli/tutorial_2020/tasks/week3/ros_project/build/CMakeFiles/CMakeTmp

Run Build Command:"/usr/bin/make" "cmTC_be56d/fast"
/usr/bin/make -f CMakeFiles/cmTC_be56d.dir/build.make CMakeFiles/cmTC_be56d.dir/build
make[1]: Entering directory '/home/kcli/tutorial_2020/tasks/week3/ros_project/build/CMakeFiles/CMakeTmp'
Building C object CMakeFiles/cmTC_be56d.dir/CheckFunctionExists.c.o
/usr/bin/cc   -DCHECK_FUNCTION_EXISTS=pthread_create   -o CMakeFiles/cmTC_be56d.dir/CheckFunctionExists.c.o   -c /usr/share/cmake-3.10/Modules/CheckFunctionExists.c
Linking C executable cmTC_be56d
/usr/bin/cmake -E cmake_link_script CMakeFiles/cmTC_be56d.dir/link.txt --verbose=1
/usr/bin/cc  -DCHECK_FUNCTION_EXISTS=pthread_create    -rdynamic CMakeFiles/cmTC_be56d.dir/CheckFunctionExists.c.o  -o cmTC_be56d -lpthreads 
/usr/bin/ld: cannot find -lpthreads
collect2: error: ld returned 1 exit status
CMakeFiles/cmTC_be56d.dir/build.make:97: recipe for target 'cmTC_be56d' failed
make[1]: *** [cmTC_be56d] Error 1
make[1]: Leaving directory '/home/kcli/tutorial_2020/tasks/week3/ros_project/build/CMakeFiles/CMakeTmp'
Makefile:126: recipe for target 'cmTC_be56d/fast' failed
make: *** [cmTC_be56d/fast] Error 2


